<?xml version="1.0" encoding="UTF-8"?>
<!-- Generated by org.testng.reporters.JUnitReportReporter -->
<testsuite skipped="0" hostname="abhilash-PC" name="com.tests.DashboradPageTest" tests="5" failures="0" timestamp="13 Jun 2022 08:42:10 GMT" time="1.641" errors="0">
  <testcase name="verifyTitleDownloadsPage" time="0.576" classname="com.tests.DashboradPageTest"/>
  <testcase name="verifyTitleOperatorsPage" time="0.305" classname="com.tests.DashboradPageTest"/>
  <testcase name="verifyTitleLogoutPage" time="0.214" classname="com.tests.DashboradPageTest"/>
  <testcase name="verifyTitleUsefulLinkPage" time="0.259" classname="com.tests.DashboradPageTest"/>
  <testcase name="verifyTitleUsersPage" time="0.287" classname="com.tests.DashboradPageTest"/>
</testsuite> <!-- com.tests.DashboradPageTest -->
