<?xml version="1.0" encoding="UTF-8"?>
<!-- Generated by org.testng.reporters.JUnitReportReporter -->
<testsuite skipped="1" hostname="abhilash-PC" name="com.tests.AddUsersPageTest" tests="1" failures="0" timestamp="16 Jun 2022 07:46:09 GMT" time="0.000" errors="0">
  <testcase name="verifyAddNewUser" time="0.000" classname="com.tests.AddUsersPageTest">
    <skipped/>
  </testcase> <!-- verifyAddNewUser -->
</testsuite> <!-- com.tests.AddUsersPageTest -->
