<?xml version="1.0" encoding="UTF-8"?>
<!-- Generated by org.testng.reporters.JUnitReportReporter -->
<testsuite skipped="0" hostname="abhilash-PC" name="com.tests.OperatorsPageTest" tests="1" failures="0" timestamp="14 Jun 2022 13:01:35 GMT" time="2.663" errors="0">
  <testcase name="checkTableWithExcel" time="2.663" classname="com.tests.OperatorsPageTest"/>
</testsuite> <!-- com.tests.OperatorsPageTest -->
