<?xml version="1.0" encoding="UTF-8"?>
<!-- Generated by org.testng.reporters.JUnitReportReporter -->
<testsuite skipped="0" hostname="abhilash-PC" name="com.tests.DownloadsPageTest" tests="1" failures="0" timestamp="14 Jun 2022 14:14:49 GMT" time="2.581" errors="0">
  <testcase name="checkTitleSelSourceJarPage" time="2.581" classname="com.tests.DownloadsPageTest"/>
</testsuite> <!-- com.tests.DownloadsPageTest -->
