<?xml version="1.0" encoding="UTF-8"?>
<!-- Generated by org.testng.reporters.JUnitReportReporter -->
<testsuite skipped="0" hostname="abhilash-PC" name="com.tests.LoginPageTest" tests="3" failures="0" timestamp="2022-06-23T17:55:25 IST" time="2.152" errors="0">
  <testcase name="verifyBlankEmailErrMsg" time="0.285" classname="com.tests.LoginPageTest"/>
  <system-out/>
  <testcase name="verifyTitleDashboardPage" time="1.555" classname="com.tests.LoginPageTest"/>
  <system-out/>
  <testcase name="verifyInavlidCred" time="0.312" classname="com.tests.LoginPageTest"/>
  <system-out/>
</testsuite> <!-- com.tests.LoginPageTest -->
